# JRE version: OpenJDK Runtime Environment (8.0_242-b01) (build 1.8.0_242-release-1644-b01)
# Java VM: OpenJDK 64-Bit Server VM (25.242-b01 mixed mode windows-amd64 compressed oops)
Heap:
 PSYoungGen      total 208384K, used 22592K [0x00000000d5580000, 0x00000000e4900000, 0x0000000100000000)
  eden space 190464K, 11% used [0x00000000d5580000,0x00000000d6b90118,0x00000000e0f80000)
  from space 17920K, 0% used [0x00000000e3780000,0x00000000e3780000,0x00000000e4900000)
  to   space 11264K, 0% used [0x00000000e0f80000,0x00000000e0f80000,0x00000000e1a80000)
 ParOldGen       total 135168K, used 37189K [0x0000000080000000, 0x0000000088400000, 0x00000000d5580000)
  object space 135168K, 27% used [0x0000000080000000,0x0000000082451478,0x0000000088400000)
 Metaspace       used 58158K, capacity 60514K, committed 60840K, reserved 1101824K
  class space    used 8013K, capacity 8515K, committed 8624K, reserved 1048576K
GC Heap History (10 events):
Event: 6.105 GC heap before
{Heap before GC invocations=9 (full 2):
 PSYoungGen      total 122880K, used 8116K [0x00000000d5580000, 0x00000000e2900000, 0x0000000100000000)
  eden space 111104K, 0% used [0x00000000d5580000,0x00000000d5580000,0x00000000dc200000)
  from space 11776K, 68% used [0x00000000dc200000,0x00000000dc9ed370,0x00000000dcd80000)
  to   space 11776K, 0% used [0x00000000e1d80000,0x00000000e1d80000,0x00000000e2900000)
 ParOldGen       total 91136K, used 7196K [0x0000000080000000, 0x0000000085900000, 0x00000000d5580000)
  object space 91136K, 7% used [0x0000000080000000,0x0000000080707160,0x0000000085900000)
 Metaspace       used 34316K, capacity 35406K, committed 35496K, reserved 1079296K
  class space    used 4721K, capacity 5002K, committed 5040K, reserved 1048576K
Event: 6.152 GC heap after
Heap after GC invocations=9 (full 2):
 PSYoungGen      total 122880K, used 0K [0x00000000d5580000, 0x00000000e2900000, 0x0000000100000000)
  eden space 111104K, 0% used [0x00000000d5580000,0x00000000d5580000,0x00000000dc200000)
  from space 11776K, 0% used [0x00000000dc200000,0x00000000dc200000,0x00000000dcd80000)
  to   space 11776K, 0% used [0x00000000e1d80000,0x00000000e1d80000,0x00000000e2900000)
 ParOldGen       total 135168K, used 14432K [0x0000000080000000, 0x0000000088400000, 0x00000000d5580000)
  object space 135168K, 10% used [0x0000000080000000,0x0000000080e18220,0x0000000088400000)
 Metaspace       used 34316K, capacity 35406K, committed 35496K, reserved 1079296K
  class space    used 4721K, capacity 5002K, committed 5040K, reserved 1048576K
}
Event: 11.359 GC heap before
{Heap before GC invocations=10 (full 2):
 PSYoungGen      total 122880K, used 111104K [0x00000000d5580000, 0x00000000e2900000, 0x0000000100000000)
  eden space 111104K, 100% used [0x00000000d5580000,0x00000000dc200000,0x00000000dc200000)
  from space 11776K, 0% used [0x00000000dc200000,0x00000000dc200000,0x00000000dcd80000)
  to   space 11776K, 0% used [0x00000000e1d80000,0x00000000e1d80000,0x00000000e2900000)
 ParOldGen       total 135168K, used 14432K [0x0000000080000000, 0x0000000088400000, 0x00000000d5580000)
  object space 135168K, 10% used [0x0000000080000000,0x0000000080e18220,0x0000000088400000)
 Metaspace       used 37119K, capacity 38788K, committed 39080K, reserved 1083392K
  class space    used 5113K, capacity 5477K, committed 5552K, reserved 1048576K
Event: 11.365 GC heap after
Heap after GC invocations=10 (full 2):
 PSYoungGen      total 174592K, used 7759K [0x00000000d5580000, 0x00000000e2580000, 0x0000000100000000)
  eden space 166400K, 0% used [0x00000000d5580000,0x00000000d5580000,0x00000000df800000)
  from space 8192K, 94% used [0x00000000e1d80000,0x00000000e2513d78,0x00000000e2580000)
  to   space 11264K, 0% used [0x00000000e0f80000,0x00000000e0f80000,0x00000000e1a80000)
 ParOldGen       total 135168K, used 14440K [0x0000000080000000, 0x0000000088400000, 0x00000000d5580000)
  object space 135168K, 10% used [0x0000000080000000,0x0000000080e1a220,0x0000000088400000)
 Metaspace       used 37119K, capacity 38788K, committed 39080K, reserved 1083392K
  class space    used 5113K, capacity 5477K, committed 5552K, reserved 1048576K
}
Event: 13.837 GC heap before
{Heap before GC invocations=11 (full 2):
 PSYoungGen      total 174592K, used 174159K [0x00000000d5580000, 0x00000000e2580000, 0x0000000100000000)
  eden space 166400K, 100% used [0x00000000d5580000,0x00000000df800000,0x00000000df800000)
  from space 8192K, 94% used [0x00000000e1d80000,0x00000000e2513d78,0x00000000e2580000)
  to   space 11264K, 0% used [0x00000000e0f80000,0x00000000e0f80000,0x00000000e1a80000)
 ParOldGen       total 135168K, used 14440K [0x0000000080000000, 0x0000000088400000, 0x00000000d5580000)
  object space 135168K, 10% used [0x0000000080000000,0x0000000080e1a220,0x0000000088400000)
 Metaspace       used 51048K, capacity 53086K, committed 53416K, reserved 1095680K
  class space    used 6841K, capacity 7293K, committed 7344K, reserved 1048576K
Event: 13.863 GC heap after
Heap after GC invocations=11 (full 2):
 PSYoungGen      total 201728K, used 11232K [0x00000000d5580000, 0x00000000e4900000, 0x0000000100000000)
  eden space 190464K, 0% used [0x00000000d5580000,0x00000000d5580000,0x00000000e0f80000)
  from space 11264K, 99% used [0x00000000e0f80000,0x00000000e1a78030,0x00000000e1a80000)
  to   space 17920K, 0% used [0x00000000e3780000,0x00000000e3780000,0x00000000e4900000)
 ParOldGen       total 135168K, used 27980K [0x0000000080000000, 0x0000000088400000, 0x00000000d5580000)
  object space 135168K, 20% used [0x0000000080000000,0x0000000081b533a8,0x0000000088400000)
 Metaspace       used 51048K, capacity 53086K, committed 53416K, reserved 1095680K
  class space    used 6841K, capacity 7293K, committed 7344K, reserved 1048576K
}
Event: 14.928 GC heap before
{Heap before GC invocations=12 (full 2):
 PSYoungGen      total 201728K, used 102423K [0x00000000d5580000, 0x00000000e4900000, 0x0000000100000000)
  eden space 190464K, 47% used [0x00000000d5580000,0x00000000dae8dd78,0x00000000e0f80000)
  from space 11264K, 99% used [0x00000000e0f80000,0x00000000e1a78030,0x00000000e1a80000)
  to   space 17920K, 0% used [0x00000000e3780000,0x00000000e3780000,0x00000000e4900000)
 ParOldGen       total 135168K, used 27980K [0x0000000080000000, 0x0000000088400000, 0x00000000d5580000)
  object space 135168K, 20% used [0x0000000080000000,0x0000000081b533a8,0x0000000088400000)
 Metaspace       used 56566K, capacity 59036K, committed 59160K, reserved 1099776K
  class space    used 7737K, capacity 8276K, committed 8368K, reserved 1048576K
Event: 14.947 GC heap after
Heap after GC invocations=12 (full 2):
 PSYoungGen      total 208384K, used 17914K [0x00000000d5580000, 0x00000000e4900000, 0x0000000100000000)
  eden space 190464K, 0% used [0x00000000d5580000,0x00000000d5580000,0x00000000e0f80000)
  from space 17920K, 99% used [0x00000000e3780000,0x00000000e48fe8f8,0x00000000e4900000)
  to   space 11264K, 0% used [0x00000000e0f80000,0x00000000e0f80000,0x00000000e1a80000)
 ParOldGen       total 135168K, used 30909K [0x0000000080000000, 0x0000000088400000, 0x00000000d5580000)
  object space 135168K, 22% used [0x0000000080000000,0x0000000081e2f6c8,0x0000000088400000)
 Metaspace       used 56566K, capacity 59036K, committed 59160K, reserved 1099776K
  class space    used 7737K, capacity 8276K, committed 8368K, reserved 1048576K
}
Event: 14.947 GC heap before
{Heap before GC invocations=13 (full 3):
 PSYoungGen      total 208384K, used 17914K [0x00000000d5580000, 0x00000000e4900000, 0x0000000100000000)
  eden space 190464K, 0% used [0x00000000d5580000,0x00000000d5580000,0x00000000e0f80000)
  from space 17920K, 99% used [0x00000000e3780000,0x00000000e48fe8f8,0x00000000e4900000)
  to   space 11264K, 0% used [0x00000000e0f80000,0x00000000e0f80000,0x00000000e1a80000)
 ParOldGen       total 135168K, used 30909K [0x0000000080000000, 0x0000000088400000, 0x00000000d5580000)
  object space 135168K, 22% used [0x0000000080000000,0x0000000081e2f6c8,0x0000000088400000)
 Metaspace       used 56566K, capacity 59036K, committed 59160K, reserved 1099776K
  class space    used 7737K, capacity 8276K, committed 8368K, reserved 1048576K
Event: 15.184 GC heap after
Heap after GC invocations=13 (full 3):
 PSYoungGen      total 208384K, used 0K [0x00000000d5580000, 0x00000000e4900000, 0x0000000100000000)
  eden space 190464K, 0% used [0x00000000d5580000,0x00000000d5580000,0x00000000e0f80000)
  from space 17920K, 0% used [0x00000000e3780000,0x00000000e3780000,0x00000000e4900000)
  to   space 11264K, 0% used [0x00000000e0f80000,0x00000000e0f80000,0x00000000e1a80000)
 ParOldGen       total 135168K, used 37189K [0x0000000080000000, 0x0000000088400000, 0x00000000d5580000)
  object space 135168K, 27% used [0x0000000080000000,0x0000000082451478,0x0000000088400000)
 Metaspace       used 56523K, capacity 58892K, committed 59160K, reserved 1099776K
  class space    used 7724K, capacity 8252K, committed 8368K, reserved 1048576K
}

