# JRE version: OpenJDK Runtime Environment (8.0_242-b01) (build 1.8.0_242-release-1644-b01)
# Java VM: OpenJDK 64-Bit Server VM (25.242-b01 mixed mode windows-amd64 compressed oops)
Heap:
 PSYoungGen      total 253952K, used 43508K [0x00000000d5580000, 0x00000000e6f00000, 0x0000000100000000)
  eden space 230912K, 8% used [0x00000000d5580000,0x00000000d6980c98,0x00000000e3700000)
  from space 23040K, 99% used [0x00000000e5200000,0x00000000e687c5f0,0x00000000e6880000)
  to   space 27648K, 0% used [0x00000000e3700000,0x00000000e3700000,0x00000000e5200000)
 ParOldGen       total 224256K, used 41186K [0x0000000080000000, 0x000000008db00000, 0x00000000d5580000)
  object space 224256K, 18% used [0x0000000080000000,0x00000000828388a0,0x000000008db00000)
 Metaspace       used 71852K, capacity 75156K, committed 75176K, reserved 1114112K
  class space    used 9778K, capacity 10412K, committed 10416K, reserved 1048576K
GC Heap History (10 events):
Event: 7.402 GC heap before
{Heap before GC invocations=11 (full 2):
 PSYoungGen      total 168448K, used 168006K [0x00000000d5580000, 0x00000000e2180000, 0x0000000100000000)
  eden space 159744K, 100% used [0x00000000d5580000,0x00000000df180000,0x00000000df180000)
  from space 8704K, 94% used [0x00000000e1900000,0x00000000e2111a98,0x00000000e2180000)
  to   space 11264K, 0% used [0x00000000e0b80000,0x00000000e0b80000,0x00000000e1680000)
 ParOldGen       total 143872K, used 14439K [0x0000000080000000, 0x0000000088c80000, 0x00000000d5580000)
  object space 143872K, 10% used [0x0000000080000000,0x0000000080e19c58,0x0000000088c80000)
 Metaspace       used 50984K, capacity 53002K, committed 53160K, reserved 1095680K
  class space    used 6836K, capacity 7293K, committed 7344K, reserved 1048576K
Event: 7.428 GC heap after
Heap after GC invocations=11 (full 2):
 PSYoungGen      total 197632K, used 11232K [0x00000000d5580000, 0x00000000e3f00000, 0x0000000100000000)
  eden space 186368K, 0% used [0x00000000d5580000,0x00000000d5580000,0x00000000e0b80000)
  from space 11264K, 99% used [0x00000000e0b80000,0x00000000e1678030,0x00000000e1680000)
  to   space 17408K, 0% used [0x00000000e2e00000,0x00000000e2e00000,0x00000000e3f00000)
 ParOldGen       total 143872K, used 27524K [0x0000000080000000, 0x0000000088c80000, 0x00000000d5580000)
  object space 143872K, 19% used [0x0000000080000000,0x0000000081ae1368,0x0000000088c80000)
 Metaspace       used 50984K, capacity 53002K, committed 53160K, reserved 1095680K
  class space    used 6836K, capacity 7293K, committed 7344K, reserved 1048576K
}
Event: 8.310 GC heap before
{Heap before GC invocations=12 (full 2):
 PSYoungGen      total 197632K, used 104583K [0x00000000d5580000, 0x00000000e3f00000, 0x0000000100000000)
  eden space 186368K, 50% used [0x00000000d5580000,0x00000000db0a9c20,0x00000000e0b80000)
  from space 11264K, 99% used [0x00000000e0b80000,0x00000000e1678030,0x00000000e1680000)
  to   space 17408K, 0% used [0x00000000e2e00000,0x00000000e2e00000,0x00000000e3f00000)
 ParOldGen       total 143872K, used 27524K [0x0000000080000000, 0x0000000088c80000, 0x00000000d5580000)
  object space 143872K, 19% used [0x0000000080000000,0x0000000081ae1368,0x0000000088c80000)
 Metaspace       used 56625K, capacity 59032K, committed 59160K, reserved 1099776K
  class space    used 7745K, capacity 8280K, committed 8368K, reserved 1048576K
Event: 8.331 GC heap after
Heap after GC invocations=12 (full 2):
 PSYoungGen      total 218112K, used 17396K [0x00000000d5580000, 0x00000000e6900000, 0x0000000100000000)
  eden space 200704K, 0% used [0x00000000d5580000,0x00000000d5580000,0x00000000e1980000)
  from space 17408K, 99% used [0x00000000e2e00000,0x00000000e3efd350,0x00000000e3f00000)
  to   space 20992K, 0% used [0x00000000e1980000,0x00000000e1980000,0x00000000e2e00000)
 ParOldGen       total 143872K, used 31165K [0x0000000080000000, 0x0000000088c80000, 0x00000000d5580000)
  object space 143872K, 21% used [0x0000000080000000,0x0000000081e6f7a8,0x0000000088c80000)
 Metaspace       used 56625K, capacity 59032K, committed 59160K, reserved 1099776K
  class space    used 7745K, capacity 8280K, committed 8368K, reserved 1048576K
}
Event: 8.332 GC heap before
{Heap before GC invocations=13 (full 3):
 PSYoungGen      total 218112K, used 17396K [0x00000000d5580000, 0x00000000e6900000, 0x0000000100000000)
  eden space 200704K, 0% used [0x00000000d5580000,0x00000000d5580000,0x00000000e1980000)
  from space 17408K, 99% used [0x00000000e2e00000,0x00000000e3efd350,0x00000000e3f00000)
  to   space 20992K, 0% used [0x00000000e1980000,0x00000000e1980000,0x00000000e2e00000)
 ParOldGen       total 143872K, used 31165K [0x0000000080000000, 0x0000000088c80000, 0x00000000d5580000)
  object space 143872K, 21% used [0x0000000080000000,0x0000000081e6f7a8,0x0000000088c80000)
 Metaspace       used 56625K, capacity 59032K, committed 59160K, reserved 1099776K
  class space    used 7745K, capacity 8280K, committed 8368K, reserved 1048576K
Event: 8.601 GC heap after
Heap after GC invocations=13 (full 3):
 PSYoungGen      total 218112K, used 0K [0x00000000d5580000, 0x00000000e6900000, 0x0000000100000000)
  eden space 200704K, 0% used [0x00000000d5580000,0x00000000d5580000,0x00000000e1980000)
  from space 17408K, 0% used [0x00000000e2e00000,0x00000000e2e00000,0x00000000e3f00000)
  to   space 20992K, 0% used [0x00000000e1980000,0x00000000e1980000,0x00000000e2e00000)
 ParOldGen       total 224256K, used 37443K [0x0000000080000000, 0x000000008db00000, 0x00000000d5580000)
  object space 224256K, 16% used [0x0000000080000000,0x0000000082490c20,0x000000008db00000)
 Metaspace       used 56582K, capacity 58888K, committed 59160K, reserved 1099776K
  class space    used 7732K, capacity 8256K, committed 8368K, reserved 1048576K
}
Event: 13.178 GC heap before
{Heap before GC invocations=14 (full 3):
 PSYoungGen      total 218112K, used 200704K [0x00000000d5580000, 0x00000000e6900000, 0x0000000100000000)
  eden space 200704K, 100% used [0x00000000d5580000,0x00000000e1980000,0x00000000e1980000)
  from space 17408K, 0% used [0x00000000e2e00000,0x00000000e2e00000,0x00000000e3f00000)
  to   space 20992K, 0% used [0x00000000e1980000,0x00000000e1980000,0x00000000e2e00000)
 ParOldGen       total 224256K, used 37443K [0x0000000080000000, 0x000000008db00000, 0x00000000d5580000)
  object space 224256K, 16% used [0x0000000080000000,0x0000000082490c20,0x000000008db00000)
 Metaspace       used 67293K, capacity 70468K, committed 70696K, reserved 1110016K
  class space    used 9258K, capacity 9926K, committed 10032K, reserved 1048576K
Event: 13.194 GC heap after
Heap after GC invocations=14 (full 3):
 PSYoungGen      total 221696K, used 19769K [0x00000000d5580000, 0x00000000e6880000, 0x0000000100000000)
  eden space 200704K, 0% used [0x00000000d5580000,0x00000000d5580000,0x00000000e1980000)
  from space 20992K, 94% used [0x00000000e1980000,0x00000000e2cce5a8,0x00000000e2e00000)
  to   space 23040K, 0% used [0x00000000e5200000,0x00000000e5200000,0x00000000e6880000)
 ParOldGen       total 224256K, used 37451K [0x0000000080000000, 0x000000008db00000, 0x00000000d5580000)
  object space 224256K, 16% used [0x0000000080000000,0x0000000082492c20,0x000000008db00000)
 Metaspace       used 67293K, capacity 70468K, committed 70696K, reserved 1110016K
  class space    used 9258K, capacity 9926K, committed 10032K, reserved 1048576K
}
Event: 15.397 GC heap before
{Heap before GC invocations=15 (full 3):
 PSYoungGen      total 221696K, used 220473K [0x00000000d5580000, 0x00000000e6880000, 0x0000000100000000)
  eden space 200704K, 100% used [0x00000000d5580000,0x00000000e1980000,0x00000000e1980000)
  from space 20992K, 94% used [0x00000000e1980000,0x00000000e2cce5a8,0x00000000e2e00000)
  to   space 23040K, 0% used [0x00000000e5200000,0x00000000e5200000,0x00000000e6880000)
 ParOldGen       total 224256K, used 37451K [0x0000000080000000, 0x000000008db00000, 0x00000000d5580000)
  object space 224256K, 16% used [0x0000000080000000,0x0000000082492c20,0x000000008db00000)
 Metaspace       used 70692K, capacity 73958K, committed 74024K, reserved 1114112K
  class space    used 9637K, capacity 10277K, committed 10288K, reserved 1048576K
Event: 15.418 GC heap after
Heap after GC invocations=15 (full 3):
 PSYoungGen      total 253952K, used 23025K [0x00000000d5580000, 0x00000000e6f00000, 0x0000000100000000)
  eden space 230912K, 0% used [0x00000000d5580000,0x00000000d5580000,0x00000000e3700000)
  from space 23040K, 99% used [0x00000000e5200000,0x00000000e687c5f0,0x00000000e6880000)
  to   space 27648K, 0% used [0x00000000e3700000,0x00000000e3700000,0x00000000e5200000)
 ParOldGen       total 224256K, used 41186K [0x0000000080000000, 0x000000008db00000, 0x00000000d5580000)
  object space 224256K, 18% used [0x0000000080000000,0x00000000828388a0,0x000000008db00000)
 Metaspace       used 70692K, capacity 73958K, committed 74024K, reserved 1114112K
  class space    used 9637K, capacity 10277K, committed 10288K, reserved 1048576K
}

